[debug] [2021-10-20T06:23:23.052Z] ----------------------------------------------------------------------
[debug] [2021-10-20T06:23:23.055Z] Command:       C:\Program Files\nodejs\node.exe C:\Users\MH\AppData\Roaming\npm\node_modules\firebase-tools\lib\bin\firebase.js init
[debug] [2021-10-20T06:23:23.055Z] CLI Version:   9.20.0
[debug] [2021-10-20T06:23:23.055Z] Platform:      win32
[debug] [2021-10-20T06:23:23.055Z] Node Version:  v14.17.4
[debug] [2021-10-20T06:23:23.056Z] Time:          Wed Oct 20 2021 12:23:23 GMT+0600 (Bangladesh Standard Time)
[debug] [2021-10-20T06:23:23.056Z] ----------------------------------------------------------------------
[debug] 
[debug] [2021-10-20T06:23:23.063Z] > command requires scopes: ["email","openid","https://www.googleapis.com/auth/cloudplatformprojects.readonly","https://www.googleapis.com/auth/firebase","https://www.googleapis.com/auth/cloud-platform"]
[debug] [2021-10-20T06:23:23.063Z] > authorizing via signed-in user (dev.sowrovsarkar63@gmail.com)
[info] 
     ######## #### ########  ######## ########     ###     ######  ########
     ##        ##  ##     ## ##       ##     ##  ##   ##  ##       ##
     ######    ##  ########  ######   ########  #########  ######  ######
     ##        ##  ##    ##  ##       ##     ## ##     ##       ## ##
     ##       #### ##     ## ######## ########  ##     ##  ######  ########

You're about to initialize a Firebase project in this directory:

  E:\p.hero course\assignment 10\projects\mental-health-consulting

[info] 
=== Project Setup
[info] 
[info] First, let's associate this project directory with a Firebase project.
[info] You can create multiple project aliases by running firebase use --add, 
[info] but for now we'll just set up a default project.
[info] 
[debug] [2021-10-20T06:25:57.742Z] >>> [apiv2][query] GET https://firebase.googleapis.com/v1beta1/projects pageSize=100
[debug] [2021-10-20T06:25:59.804Z] <<< [apiv2][status] GET https://firebase.googleapis.com/v1beta1/projects 200
[debug] [2021-10-20T06:25:59.805Z] <<< [apiv2][body] GET https://firebase.googleapis.com/v1beta1/projects [omitted]
[info] i  Using project mhc-lab (MHC LAB) 
[info] 
=== Hosting Setup
[info] 
[info] Your public directory is the folder (relative to your project directory) that
[info] will contain Hosting assets to be uploaded with firebase deploy. If you
[info] have a build process for your assets, use your build's output directory.
[info] 
[debug] [2021-10-20T06:27:37.513Z] >>> [apiv2][query] GET https://www.gstatic.com/firebasejs/releases.json [none]
[debug] [2021-10-20T06:27:38.785Z] <<< [apiv2][status] GET https://www.gstatic.com/firebasejs/releases.json 200
[debug] [2021-10-20T06:27:38.786Z] <<< [apiv2][body] GET https://www.gstatic.com/firebasejs/releases.json {"current":{"version":"9.1.3","browserURL":"https://www.gstatic.com/firebasejs/9.1.3/firebase.js","packageURL":"https://www.gstatic.com/firebasejs/9.1.3/firebase.tgz"},"live":{"version":"9.1","browserURL":"https://www.gstatic.com/firebasejs/live/9.1/firebase.js","packageURL":"https://www.gstatic.com/firebasejs/live/9.1/firebase.tgz"},"components":{"analytics":"https://www.gstatic.com/firebasejs/9.1.3/firebase-analytics.js","app":"https://www.gstatic.com/firebasejs/9.1.3/firebase-app.js","app-check":"https://www.gstatic.com/firebasejs/9.1.3/firebase-app-check.js","auth":"https://www.gstatic.com/firebasejs/9.1.3/firebase-auth.js","auth/cordova":"https://www.gstatic.com/firebasejs/9.1.3/firebase-auth/cordova.js","auth/react-native":"https://www.gstatic.com/firebasejs/9.1.3/firebase-auth/react-native.js","functions":"https://www.gstatic.com/firebasejs/9.1.3/firebase-functions.js","firestore":"https://www.gstatic.com/firebasejs/9.1.3/firebase-firestore.js","firestore/lite":"https://www.gstatic.com/firebasejs/9.1.3/firebase-firestore/lite.js","storage":"https://www.gstatic.com/firebasejs/9.1.3/firebase-storage.js","performance":"https://www.gstatic.com/firebasejs/9.1.3/firebase-performance.js","remote-config":"https://www.gstatic.com/firebasejs/9.1.3/firebase-remote-config.js","messaging":"https://www.gstatic.com/firebasejs/9.1.3/firebase-messaging.js","messaging/sw":"https://www.gstatic.com/firebasejs/9.1.3/firebase-messaging/sw.js","database":"https://www.gstatic.com/firebasejs/9.1.3/firebase-database.js","firestore.memory":"https://www.gstatic.com/firebasejs/9.1.3/firebase-firestore.memory.js"}}
[info] +  Wrote build/index.html 
[info] 
[info] i  Detected a .git folder at E:\p.hero course\assignment 10\projects\mental-health-consulting 
[info] i  Authorizing with GitHub to upload your service account to a GitHub repository's secrets store. 
[info] 
[info] Visit this URL on this device to log in:
[info] https://github.com/login/oauth/authorize?client_id=89cf50f02ac6aaed3484&state=921514821&redirect_uri=http%3A%2F%2Flocalhost%3A9005&scope=read%3Auser%20repo%20public_repo
[info] 
[info] Waiting for authentication...
[debug] [2021-10-20T06:27:52.129Z] >>> HTTP REQUEST POST https://github.com/login/oauth/access_token  
 {"client_id":"89cf50f02ac6aaed3484","client_secret":"3330d14abc895d9a74d5f17cd7a00711fa2c5bf0","code":"e0e662d536b16371335c","redirect_uri":"http://localhost:9005","state":"921514821"}
[debug] [2021-10-20T06:27:52.754Z] <<< HTTP RESPONSE 200 {"server":"GitHub.com","date":"Wed, 20 Oct 2021 06:27:52 GMT","content-type":"application/json; charset=utf-8","transfer-encoding":"chunked","vary":"X-PJAX, X-PJAX-Container, Accept-Encoding, Accept, X-Requested-With","permissions-policy":"interest-cohort=()","etag":"W/\"e23f87da22f4130f0c5a142f29340460\"","cache-control":"max-age=0, private, must-revalidate","strict-transport-security":"max-age=31536000; includeSubdomains; preload","x-frame-options":"deny","x-content-type-options":"nosniff","x-xss-protection":"0","referrer-policy":"origin-when-cross-origin, strict-origin-when-cross-origin","expect-ct":"max-age=2592000, report-uri=\"https://api.github.com/_private/browser/errors\"","content-security-policy":"default-src 'none'; base-uri 'self'; block-all-mixed-content; child-src github.com/assets-cdn/worker/ gist.github.com/assets-cdn/worker/; connect-src 'self' uploads.github.com objects-origin.githubusercontent.com www.githubstatus.com collector.githubapp.com api.github.com github-cloud.s3.amazonaws.com github-production-repository-file-5c1aeb.s3.amazonaws.com github-production-upload-manifest-file-7fdce7.s3.amazonaws.com github-production-user-asset-6210df.s3.amazonaws.com cdn.optimizely.com logx.optimizely.com/v1/events translator.github.com wss://alive.github.com; font-src github.githubassets.com; form-action 'self' github.com gist.github.com objects-origin.githubusercontent.com; frame-ancestors 'none'; frame-src render.githubusercontent.com viewscreen.githubusercontent.com; img-src 'self' data: github.githubassets.com identicons.github.com collector.githubapp.com github-cloud.s3.amazonaws.com secured-user-images.githubusercontent.com/ *.githubusercontent.com; manifest-src 'self'; media-src github.com user-images.githubusercontent.com/; script-src github.githubassets.com; style-src 'unsafe-inline' github.githubassets.com; worker-src github.com/assets-cdn/worker/ gist.github.com/assets-cdn/worker/","x-github-request-id":"D271:32DE:EEE6A:145330:616FB6E8"}
[debug] [2021-10-20T06:27:52.757Z] >>> [apiv2][query] GET https://api.github.com/user [none]
[debug] [2021-10-20T06:27:53.590Z] <<< [apiv2][status] GET https://api.github.com/user 200
[debug] [2021-10-20T06:27:53.590Z] <<< [apiv2][body] GET https://api.github.com/user {"login":"sowrovsarkar63","id":59117363,"node_id":"MDQ6VXNlcjU5MTE3MzYz","avatar_url":"https://avatars.githubusercontent.com/u/59117363?v=4","gravatar_id":"","url":"https://api.github.com/users/sowrovsarkar63","html_url":"https://github.com/sowrovsarkar63","followers_url":"https://api.github.com/users/sowrovsarkar63/followers","following_url":"https://api.github.com/users/sowrovsarkar63/following{/other_user}","gists_url":"https://api.github.com/users/sowrovsarkar63/gists{/gist_id}","starred_url":"https://api.github.com/users/sowrovsarkar63/starred{/owner}{/repo}","subscriptions_url":"https://api.github.com/users/sowrovsarkar63/subscriptions","organizations_url":"https://api.github.com/users/sowrovsarkar63/orgs","repos_url":"https://api.github.com/users/sowrovsarkar63/repos","events_url":"https://api.github.com/users/sowrovsarkar63/events{/privacy}","received_events_url":"https://api.github.com/users/sowrovsarkar63/received_events","type":"User","site_admin":false,"name":"Md sowrov sarkar","company":null,"blog":"https://sowrovsarkar.netlify.com","location":"Rangpur bangladesh","email":null,"hireable":true,"bio":"React Js Specialist  || JavaScript || MERN Stack","twitter_username":"sowrovsarkar63","public_repos":48,"public_gists":0,"followers":2,"following":1,"created_at":"2019-12-21T14:01:47Z","updated_at":"2021-09-22T11:24:06Z","private_gists":0,"total_private_repos":5,"owned_private_repos":5,"disk_usage":102942,"collaborators":0,"two_factor_authentication":false,"plan":{"name":"free","space":976562499,"collaborators":0,"private_repos":10000}}
[info] 
[info] +  Success! Logged into GitHub as sowrovsarkar63 
[info] 
[debug] [2021-10-20T06:29:19.910Z] >>> [apiv2][query] GET https://api.github.com/repos/Programming-Hero-Web-Course3/healthcare-related-website-sowrovsarkar63/actions/secrets/public-key type=owner
[debug] [2021-10-20T06:29:20.939Z] <<< [apiv2][status] GET https://api.github.com/repos/Programming-Hero-Web-Course3/healthcare-related-website-sowrovsarkar63/actions/secrets/public-key 404
[debug] [2021-10-20T06:29:20.940Z] <<< [apiv2][body] GET https://api.github.com/repos/Programming-Hero-Web-Course3/healthcare-related-website-sowrovsarkar63/actions/secrets/public-key {"message":"Not Found","documentation_url":"https://docs.github.com/rest/reference/actions#get-a-repository-public-key"}
[debug] [2021-10-20T06:37:06.337Z] >>> [apiv2][query] GET https://api.github.com/repos//actions/secrets/public-key type=owner
[debug] [2021-10-20T06:37:06.856Z] <<< [apiv2][status] GET https://api.github.com/repos//actions/secrets/public-key 404
[debug] [2021-10-20T06:37:06.856Z] <<< [apiv2][body] GET https://api.github.com/repos//actions/secrets/public-key {"message":"Not Found","documentation_url":"https://docs.github.com/rest"}
[debug] [2021-10-20T06:37:09.775Z] >>> [apiv2][query] GET https://api.github.com/repos//actions/secrets/public-key type=owner
[debug] [2021-10-20T06:37:10.923Z] >>> [apiv2][query] GET https://api.github.com/repos//actions/secrets/public-key type=owner
[debug] [2021-10-20T06:37:10.931Z] <<< [apiv2][status] GET https://api.github.com/repos//actions/secrets/public-key 404
[debug] [2021-10-20T06:37:10.931Z] <<< [apiv2][body] GET https://api.github.com/repos//actions/secrets/public-key {"message":"Not Found","documentation_url":"https://docs.github.com/rest"}
[debug] [2021-10-20T06:37:11.160Z] >>> [apiv2][query] GET https://api.github.com/repos//actions/secrets/public-key type=owner
[debug] [2021-10-20T06:37:11.343Z] >>> [apiv2][query] GET https://api.github.com/repos//actions/secrets/public-key type=owner
[debug] [2021-10-20T06:37:11.521Z] >>> [apiv2][query] GET https://api.github.com/repos//actions/secrets/public-key type=owner
[debug] [2021-10-20T06:37:11.674Z] >>> [apiv2][query] GET https://api.github.com/repos//actions/secrets/public-key type=owner
[debug] [2021-10-20T06:37:11.838Z] >>> [apiv2][query] GET https://api.github.com/repos//actions/secrets/public-key type=owner
[debug] [2021-10-20T06:37:11.867Z] <<< [apiv2][status] GET https://api.github.com/repos//actions/secrets/public-key 404
[debug] [2021-10-20T06:37:11.867Z] <<< [apiv2][body] GET https://api.github.com/repos//actions/secrets/public-key {"message":"Not Found","documentation_url":"https://docs.github.com/rest"}
[debug] [2021-10-20T06:37:12.084Z] <<< [apiv2][status] GET https://api.github.com/repos//actions/secrets/public-key 404
[debug] [2021-10-20T06:37:12.084Z] <<< [apiv2][body] GET https://api.github.com/repos//actions/secrets/public-key {"message":"Not Found","documentation_url":"https://docs.github.com/rest"}
[debug] [2021-10-20T06:37:12.385Z] <<< [apiv2][status] GET https://api.github.com/repos//actions/secrets/public-key 404
[debug] [2021-10-20T06:37:12.385Z] <<< [apiv2][body] GET https://api.github.com/repos//actions/secrets/public-key {"message":"Not Found","documentation_url":"https://docs.github.com/rest"}
[debug] [2021-10-20T06:37:12.692Z] <<< [apiv2][status] GET https://api.github.com/repos//actions/secrets/public-key 404
[debug] [2021-10-20T06:37:12.692Z] <<< [apiv2][body] GET https://api.github.com/repos//actions/secrets/public-key {"message":"Not Found","documentation_url":"https://docs.github.com/rest"}
[debug] [2021-10-20T06:37:12.698Z] <<< [apiv2][status] GET https://api.github.com/repos//actions/secrets/public-key 404
[debug] [2021-10-20T06:37:12.698Z] <<< [apiv2][body] GET https://api.github.com/repos//actions/secrets/public-key {"message":"Not Found","documentation_url":"https://docs.github.com/rest"}
[debug] [2021-10-20T06:37:12.847Z] <<< [apiv2][status] GET https://api.github.com/repos//actions/secrets/public-key 404
[debug] [2021-10-20T06:37:12.847Z] <<< [apiv2][body] GET https://api.github.com/repos//actions/secrets/public-key {"message":"Not Found","documentation_url":"https://docs.github.com/rest"}
[debug] [2021-10-20T06:37:14.076Z] >>> [apiv2][query] GET https://api.github.com/repos/Programming-Hero-Web-Course3/healthcare-related-website-sowrovsarkar63/actions/secrets/public-key type=owner
[debug] [2021-10-20T06:37:14.610Z] <<< [apiv2][status] GET https://api.github.com/repos/Programming-Hero-Web-Course3/healthcare-related-website-sowrovsarkar63/actions/secrets/public-key 404
[debug] [2021-10-20T06:37:14.610Z] <<< [apiv2][body] GET https://api.github.com/repos/Programming-Hero-Web-Course3/healthcare-related-website-sowrovsarkar63/actions/secrets/public-key {"message":"Not Found","documentation_url":"https://docs.github.com/rest/reference/actions#get-a-repository-public-key"}
[debug] [2021-10-20T06:41:29.248Z] ----------------------------------------------------------------------
[debug] [2021-10-20T06:41:29.251Z] Command:       C:\Program Files\nodejs\node.exe C:\Users\MH\AppData\Roaming\npm\node_modules\firebase-tools\lib\bin\firebase.js init
[debug] [2021-10-20T06:41:29.251Z] CLI Version:   9.20.0
[debug] [2021-10-20T06:41:29.252Z] Platform:      win32
[debug] [2021-10-20T06:41:29.252Z] Node Version:  v14.17.4
[debug] [2021-10-20T06:41:29.253Z] Time:          Wed Oct 20 2021 12:41:29 GMT+0600 (Bangladesh Standard Time)
[debug] [2021-10-20T06:41:29.253Z] ----------------------------------------------------------------------
[debug] 
[debug] [2021-10-20T06:41:29.260Z] > command requires scopes: ["email","openid","https://www.googleapis.com/auth/cloudplatformprojects.readonly","https://www.googleapis.com/auth/firebase","https://www.googleapis.com/auth/cloud-platform"]
[debug] [2021-10-20T06:41:29.261Z] > authorizing via signed-in user (dev.sowrovsarkar63@gmail.com)
[info] 
     ######## #### ########  ######## ########     ###     ######  ########
     ##        ##  ##     ## ##       ##     ##  ##   ##  ##       ##
     ######    ##  ########  ######   ########  #########  ######  ######
     ##        ##  ##    ##  ##       ##     ## ##     ##       ## ##
     ##       #### ##     ## ######## ########  ##     ##  ######  ########

You're about to initialize a Firebase project in this directory:

  E:\p.hero course\assignment 10\projects\mental-health-consulting

